 \\/  ___)| |_)| | | | | || (_| |  ) ) ) )
 =========|_|==============|___/=/_/_/_/
 /\\ / ___'_ __ _ _(_)_ __  __ _ \ \ \ \
  .   ____          _            __ _ _
( ( )\___ | '_ | '_| | '_ \/ _` | \ \ \ \
  '  |____| .__|_| |_|_| |_\__, | / / / /
 :: Spring Boot ::                (v3.2.5)
2026-07-02T01:12:52.429+07:00  INFO 19684 --- [datetimechecker] [           main] c.e.d.DatetimecheckerApplication         : Starting DatetimecheckerApplication v0.0.1-SNAPSHOT using Java 21.0.10 with PID 19684 (D:\FPT Uni\datetimechecker\target\datetimechecker-0.0.1-SNAPSHOT.jar started by DAO HOANG NHAT in D:\FPT Uni\datetimechecker)
2026-07-02T01:12:52.431+07:00  INFO 19684 --- [datetimechecker] [           main] c.e.d.DatetimecheckerApplication         : No active profile set, falling back to 1 default profile: "default"
2026-07-02T01:12:53.486+07:00  INFO 19684 --- [datetimechecker] [           main] o.s.b.w.embedded.tomcat.TomcatWebServer  : Tomcat initialized with port 18082 (http)
2026-07-02T01:12:53.496+07:00  INFO 19684 --- [datetimechecker] [           main] o.apache.catalina.core.StandardService   : Starting service [Tomcat]
2026-07-02T01:12:53.496+07:00  INFO 19684 --- [datetimechecker] [           main] o.apache.catalina.core.StandardEngine    : Starting Servlet engine: [Apache Tomcat/10.1.20]
2026-07-02T01:12:53.540+07:00  INFO 19684 --- [datetimechecker] [           main] o.a.c.c.C.[Tomcat].[localhost].[/]       : Initializing Spring embedded WebApplicationContext
2026-07-02T01:12:53.540+07:00  INFO 19684 --- [datetimechecker] [           main] w.s.c.ServletWebServerApplicationContext : Root WebApplicationContext: initialization completed in 1040 ms
2026-07-02T01:12:53.623+07:00  INFO 19684 --- [datetimechecker] [           main] o.s.b.a.w.s.WelcomePageHandlerMapping    : Adding welcome page: class path resource [static/index.html]
2026-07-02T01:12:53.929+07:00  WARN 19684 --- [datetimechecker] [           main] ConfigServletWebServerApplicationContext : Exception encountered during context initialization - cancelling refresh attempt: org.springframework.context.ApplicationContextException: Failed to start bean 'webServerStartStop'
Error starting ApplicationContext. To display the condition evaluation report re-run your application with 'debug' enabled.
2026-07-02T01:12:53.960+07:00  INFO 19684 --- [datetimechecker] [           main] .s.b.a.l.ConditionEvaluationReportLogger : 
2026-07-02T01:12:53.992+07:00 ERROR 19684 --- [datetimechecker] [           main] o.s.boot.SpringApplication               : Application run failed
org.springframework.context.ApplicationContextException: Failed to start bean 'webServerStartStop'
	at org.springframework.context.support.DefaultLifecycleProcessor.onRefresh(DefaultLifecycleProcessor.java:205) ~[spring-context-6.1.6.jar!/:6.1.6]
	at java.base/java.lang.Iterable.forEach(Iterable.java:75) ~[na:na]
	at org.springframework.context.support.DefaultLifecycleProcessor.doStart(DefaultLifecycleProcessor.java:291) ~[spring-context-6.1.6.jar!/:6.1.6]
	at org.springframework.context.support.DefaultLifecycleProcessor$LifecycleGroup.start(DefaultLifecycleProcessor.java:471) ~[spring-context-6.1.6.jar!/:6.1.6]
	at org.springframework.context.support.DefaultLifecycleProcessor.startBeans(DefaultLifecycleProcessor.java:260) ~[spring-context-6.1.6.jar!/:6.1.6]
	at org.springframework.context.support.AbstractApplicationContext.refresh(AbstractApplicationContext.java:627) ~[spring-context-6.1.6.jar!/:6.1.6]
	at org.springframework.boot.SpringApplication.refresh(SpringApplication.java:754) ~[spring-boot-3.2.5.jar!/:3.2.5]
	at org.springframework.context.support.AbstractApplicationContext.finishRefresh(AbstractApplicationContext.java:981) ~[spring-context-6.1.6.jar!/:6.1.6]
	at org.springframework.boot.web.servlet.context.ServletWebServerApplicationContext.refresh(ServletWebServerApplicationContext.java:146) ~[spring-boot-3.2.5.jar!/:3.2.5]
	at org.springframework.boot.SpringApplication.refreshContext(SpringApplication.java:456) ~[spring-boot-3.2.5.jar!/:3.2.5]
	at org.springframework.boot.SpringApplication.run(SpringApplication.java:334) ~[spring-boot-3.2.5.jar!/:3.2.5]
	at org.springframework.boot.SpringApplication.run(SpringApplication.java:1354) ~[spring-boot-3.2.5.jar!/:3.2.5]
	at org.springframework.boot.SpringApplication.run(SpringApplication.java:1343) ~[spring-boot-3.2.5.jar!/:3.2.5]
	at com.example.datetimechecker.DatetimecheckerApplication.main(DatetimecheckerApplication.java:9) ~[!/:0.0.1-SNAPSHOT]
	at org.springframework.boot.loader.launch.Launcher.launch(Launcher.java:91) ~[datetimechecker-0.0.1-SNAPSHOT.jar:0.0.1-SNAPSHOT]
	at java.base/java.lang.reflect.Method.invoke(Method.java:580) ~[na:na]
	at org.springframework.boot.loader.launch.Launcher.launch(Launcher.java:53) ~[datetimechecker-0.0.1-SNAPSHOT.jar:0.0.1-SNAPSHOT]
Caused by: org.springframework.boot.web.server.WebServerException: Unable to start embedded Tomcat server
	at org.springframework.boot.loader.launch.JarLauncher.main(JarLauncher.java:58) ~[datetimechecker-0.0.1-SNAPSHOT.jar:0.0.1-SNAPSHOT]
	at java.base/jdk.internal.reflect.DirectMethodHandleAccessor.invoke(DirectMethodHandleAccessor.java:103) ~[na:na]
	at org.springframework.boot.web.embedded.tomcat.TomcatWebServer.start(TomcatWebServer.java:249) ~[spring-boot-3.2.5.jar!/:3.2.5]
	at org.springframework.context.support.DefaultLifecycleProcessor.doStart(DefaultLifecycleProcessor.java:288) ~[spring-context-6.1.6.jar!/:6.1.6]
	at org.springframework.boot.web.servlet.context.WebServerStartStopLifecycle.start(WebServerStartStopLifecycle.java:44) ~[spring-boot-3.2.5.jar!/:3.2.5]
	... 18 common frames omitted
Caused by: java.lang.IllegalArgumentException: standardService.connector.startFailed
	at org.apache.catalina.core.StandardService.addConnector(StandardService.java:235) ~[tomcat-embed-core-10.1.20.jar!/:na]
	at org.springframework.boot.web.embedded.tomcat.TomcatWebServer.addPreviouslyRemovedConnectors(TomcatWebServer.java:306) ~[spring-boot-3.2.5.jar!/:3.2.5]
	at org.springframework.boot.web.embedded.tomcat.TomcatWebServer.start(TomcatWebServer.java:234) ~[spring-boot-3.2.5.jar!/:3.2.5]
	... 20 common frames omitted
Caused by: org.apache.catalina.LifecycleException: Protocol handler start failed
	at org.apache.catalina.connector.Connector.startInternal(Connector.java:1047) ~[tomcat-embed-core-10.1.20.jar!/:na]
	at org.apache.catalina.util.LifecycleBase.start(LifecycleBase.java:171) ~[tomcat-embed-core-10.1.20.jar!/:na]
	at org.apache.catalina.core.StandardService.addConnector(StandardService.java:232) ~[tomcat-embed-core-10.1.20.jar!/:na]
	... 22 common frames omitted
Caused by: java.io.IOException: Unable to establish loopback connection
	at java.base/java.security.AccessController.doPrivileged(AccessController.java:571) ~[na:na]
	at java.base/sun.nio.ch.PipeImpl.<init>(PipeImpl.java:197) ~[na:na]
	at java.base/sun.nio.ch.WEPollSelectorImpl.<init>(WEPollSelectorImpl.java:79) ~[na:na]
	at java.base/sun.nio.ch.WEPollSelectorProvider.openSelector(WEPollSelectorProvider.java:33) ~[na:na]
	at java.base/java.nio.channels.Selector.open(Selector.java:295) ~[na:na]
	at org.apache.tomcat.util.net.NioEndpoint$Poller.<init>(NioEndpoint.java:605) ~[tomcat-embed-core-10.1.20.jar!/:na]
	at org.apache.tomcat.util.net.NioEndpoint.startInternal(NioEndpoint.java:278) ~[tomcat-embed-core-10.1.20.jar!/:na]
	at org.apache.tomcat.util.net.AbstractEndpoint.start(AbstractEndpoint.java:1396) ~[tomcat-embed-core-10.1.20.jar!/:na]
	at org.apache.coyote.AbstractProtocol.start(AbstractProtocol.java:635) ~[tomcat-embed-core-10.1.20.jar!/:na]
	at org.apache.catalina.connector.Connector.startInternal(Connector.java:1044) ~[tomcat-embed-core-10.1.20.jar!/:na]
	... 24 common frames omitted
Caused by: java.net.SocketException: Invalid argument: connect
	at java.base/sun.nio.ch.UnixDomainSockets.connect0(Native Method) ~[na:na]
	at java.base/sun.nio.ch.UnixDomainSockets.connect(UnixDomainSockets.java:154) ~[na:na]
	at java.base/sun.nio.ch.UnixDomainSockets.connect(UnixDomainSockets.java:150) ~[na:na]
	at java.base/sun.nio.ch.SocketChannelImpl.connect(SocketChannelImpl.java:878) ~[na:na]
	at java.base/sun.nio.ch.PipeImpl$Initializer$LoopbackConnector.run(PipeImpl.java:132) ~[na:na]
	at java.base/sun.nio.ch.PipeImpl$Initializer.run(PipeImpl.java:85) ~[na:na]
	at java.base/java.nio.channels.SocketChannel.open(SocketChannel.java:285) ~[na:na]
	... 35 common frames omitted
	at java.base/sun.nio.ch.PipeImpl$Initializer.run(PipeImpl.java:103) ~[na:na]
	at java.base/sun.nio.ch.PipeImpl$Initializer.run(PipeImpl.java:67) ~[na:na]
