  .   ____          _            __ _ _
 /\\ / ___'_ __ _ _(_)_ __  __ _ \ \ \ \
 \\/  ___)| |_)| | | | | || (_| |  ) ) ) )
( ( )\___ | '_ | '_| | '_ \/ _` | \ \ \ \
 =========|_|==============|___/=/_/_/_/
  '  |____| .__|_| |_|_| |_\__, | / / / /
 :: Spring Boot ::                (v3.2.5)
2026-07-02T07:50:12.492+07:00  INFO 25696 --- [datetimechecker] [           main] c.e.d.DatetimecheckerApplication         : Starting DatetimecheckerApplication v0.0.1-SNAPSHOT using Java 21.0.10 with PID 25696 (D:\FPT Uni\datetimechecker\target\datetimechecker-0.0.1-SNAPSHOT.jar started by DAO HOANG NHAT in D:\FPT Uni\datetimechecker)
2026-07-02T07:50:12.495+07:00  INFO 25696 --- [datetimechecker] [           main] c.e.d.DatetimecheckerApplication         : No active profile set, falling back to 1 default profile: "default"
2026-07-02T07:50:13.322+07:00  INFO 25696 --- [datetimechecker] [           main] o.s.b.w.embedded.tomcat.TomcatWebServer  : Tomcat initialized with port 18080 (http)
2026-07-02T07:50:13.331+07:00  INFO 25696 --- [datetimechecker] [           main] o.apache.catalina.core.StandardService   : Starting service [Tomcat]
2026-07-02T07:50:13.331+07:00  INFO 25696 --- [datetimechecker] [           main] o.apache.catalina.core.StandardEngine    : Starting Servlet engine: [Apache Tomcat/10.1.20]
2026-07-02T07:50:13.358+07:00  INFO 25696 --- [datetimechecker] [           main] o.a.c.c.C.[Tomcat].[localhost].[/]       : Initializing Spring embedded WebApplicationContext
2026-07-02T07:50:13.359+07:00  INFO 25696 --- [datetimechecker] [           main] w.s.c.ServletWebServerApplicationContext : Root WebApplicationContext: initialization completed in 805 ms
2026-07-02T07:50:13.434+07:00  INFO 25696 --- [datetimechecker] [           main] o.s.b.a.w.s.WelcomePageHandlerMapping    : Adding welcome page: class path resource [static/index.html]
2026-07-02T07:50:13.652+07:00  INFO 25696 --- [datetimechecker] [           main] o.s.b.w.embedded.tomcat.TomcatWebServer  : Tomcat started on port 18080 (http) with context path ''
2026-07-02T07:50:13.668+07:00  INFO 25696 --- [datetimechecker] [           main] c.e.d.DatetimecheckerApplication         : Started DatetimecheckerApplication in 1.552 seconds (process running for 1.973)
2026-07-02T07:50:13.950+07:00  INFO 25696 --- [datetimechecker] [io-18080-exec-1] o.a.c.c.C.[Tomcat].[localhost].[/]       : Initializing Spring DispatcherServlet 'dispatcherServlet'
2026-07-02T07:50:13.950+07:00  INFO 25696 --- [datetimechecker] [io-18080-exec-1] o.s.web.servlet.DispatcherServlet        : Initializing Servlet 'dispatcherServlet'
2026-07-02T07:50:13.951+07:00  INFO 25696 --- [datetimechecker] [io-18080-exec-1] o.s.web.servlet.DispatcherServlet        : Completed initialization in 1 ms
