 \\/  ___)| |_)| | | | | || (_| |  ) ) ) )
 /\\ / ___'_ __ _ _(_)_ __  __ _ \ \ \ \
  .   ____          _            __ _ _
( ( )\___ | '_ | '_| | '_ \/ _` | \ \ \ \
  '  |____| .__|_| |_|_| |_\__, | / / / /
 =========|_|==============|___/=/_/_/_/
 :: Spring Boot ::                (v3.2.5)
2026-07-02T01:21:18.782+07:00  INFO 16300 --- [datetimechecker] [           main] c.e.d.DatetimecheckerApplication         : Starting DatetimecheckerApplication v0.0.1-SNAPSHOT using Java 21.0.10 with PID 16300 (D:\FPT Uni\datetimechecker\target\datetimechecker-0.0.1-SNAPSHOT.jar started by DAO HOANG NHAT in D:\FPT Uni\datetimechecker)
2026-07-02T01:21:18.784+07:00  INFO 16300 --- [datetimechecker] [           main] c.e.d.DatetimecheckerApplication         : No active profile set, falling back to 1 default profile: "default"
2026-07-02T01:21:19.717+07:00  INFO 16300 --- [datetimechecker] [           main] o.s.b.w.embedded.tomcat.TomcatWebServer  : Tomcat initialized with port 18082 (http)
2026-07-02T01:21:19.732+07:00  INFO 16300 --- [datetimechecker] [           main] o.apache.catalina.core.StandardService   : Starting service [Tomcat]
2026-07-02T01:21:19.732+07:00  INFO 16300 --- [datetimechecker] [           main] o.apache.catalina.core.StandardEngine    : Starting Servlet engine: [Apache Tomcat/10.1.20]
2026-07-02T01:21:19.766+07:00  INFO 16300 --- [datetimechecker] [           main] o.a.c.c.C.[Tomcat].[localhost].[/]       : Initializing Spring embedded WebApplicationContext
2026-07-02T01:21:19.766+07:00  INFO 16300 --- [datetimechecker] [           main] w.s.c.ServletWebServerApplicationContext : Root WebApplicationContext: initialization completed in 926 ms
2026-07-02T01:21:19.843+07:00  INFO 16300 --- [datetimechecker] [           main] o.s.b.a.w.s.WelcomePageHandlerMapping    : Adding welcome page: class path resource [static/index.html]
2026-07-02T01:21:20.065+07:00  INFO 16300 --- [datetimechecker] [           main] o.s.b.w.embedded.tomcat.TomcatWebServer  : Tomcat started on port 18082 (http) with context path ''
2026-07-02T01:21:20.081+07:00  INFO 16300 --- [datetimechecker] [           main] c.e.d.DatetimecheckerApplication         : Started DatetimecheckerApplication in 1.711 seconds (process running for 2.171)
2026-07-02T01:21:20.418+07:00  INFO 16300 --- [datetimechecker] [io-18082-exec-1] o.a.c.c.C.[Tomcat].[localhost].[/]       : Initializing Spring DispatcherServlet 'dispatcherServlet'
2026-07-02T01:21:20.418+07:00  INFO 16300 --- [datetimechecker] [io-18082-exec-1] o.s.web.servlet.DispatcherServlet        : Initializing Servlet 'dispatcherServlet'
2026-07-02T01:21:20.418+07:00  INFO 16300 --- [datetimechecker] [io-18082-exec-1] o.s.web.servlet.DispatcherServlet        : Completed initialization in 0 ms
