============================================================
Topic 6 - Visual Regression Testing
Project: DateTimeChecker
Run ID: run-20260702-075109
Topic folder: D:\FPT Uni\datetimechecker\Topic 6-Visual regression
Baseline images: D:\FPT Uni\datetimechecker\Topic 6-Visual regression\visual-artifacts\baseline
Current images: D:\FPT Uni\datetimechecker\Topic 6-Visual regression\visual-artifacts\current
Run report: D:\FPT Uni\datetimechecker\Topic 6-Visual regression\visual-artifacts\reports\run-20260702-075109
============================================================

==> Playwright Chromium browser is already installed

==> Using visual test URL: http://localhost:18080/

==> Syncing current static files to runtime
==> Updating current static files inside Spring Boot jar

==> Starting app with current code
[INFO] Using Spring Boot jar: D:\FPT Uni\datetimechecker\target\datetimechecker-0.0.1-SNAPSHOT.jar

==> Running visual regression comparison

Running 3 tests using 1 worker

[1A[2K[1/3] [Desktop Chrome] G푠 Topic 6-Visual regression\e2e\visual-regression.spec.js:45:3 G푠 DateTimeChecker visual regression G푠 home page empty form
[1A[2K  1) [Desktop Chrome] G푠 Topic 6-Visual regression\e2e\visual-regression.spec.js:45:3 G푠 DateTimeChecker visual regression G푠 home page empty form 

    Error: [2mexpect([22m[31mpage[39m[2m).[22mtoHaveScreenshot[2m([22m[32mexpected[39m[2m)[22m failed

      14 pixels (ratio 0.01 of all image pixels) are different.

      Snapshot: home-empty.png

    Call log:
    [2m  - Expect "toHaveScreenshot(home-empty.png)" with timeout 5000ms[22m
    [2m    - verifying given screenshot expectation[22m
    [2m  - taking page screenshot[22m
    [2m    - disabled all CSS animations[22m
    [2m  - waiting for fonts to load...[22m
    [2m  - fonts loaded[22m
    [2m  - 14 pixels (ratio 0.01 of all image pixels) are different.[22m
    [2m  - waiting 100ms before taking screenshot[22m
    [2m  - taking page screenshot[22m
    [2m    - disabled all CSS animations[22m
    [2m  - waiting for fonts to load...[22m
    [2m  - fonts loaded[22m
    [2m  - captured a stable screenshot[22m
    [2m  - 14 pixels (ratio 0.01 of all image pixels) are different.[22m


      35 |   });
      36 |
    > 37 |   await expect(page).toHaveScreenshot(fileName, {
         |                      ^
      38 |     fullPage: true,
      39 |     animations: 'disabled',
      40 |     maxDiffPixels: 10,
        at captureAndCompare (D:\FPT Uni\datetimechecker\Topic 6-Visual regression\e2e\visual-regression.spec.js:37:22)
        at D:\FPT Uni\datetimechecker\Topic 6-Visual regression\e2e\visual-regression.spec.js:47:5

    attachment #1: home-empty (image/png) G置G置G置G置G置G置G置G置G置G置G置G置G置G置G置G置G置G置G置G置G置G置G置G置G置G置G置G置G置G置G置G置G置G置G置G置G置G置G置G置G置G置G置G置G置G置G置G置G置G置G置G置G置G置G置G置G置G置
    Expected: Topic 6-Visual regression\visual-artifacts\baseline\home-empty.png
    Received: Topic 6-Visual regression\visual-artifacts\reports\run-20260702-075109\test-results\visual-regression-DateTime-11636-ession-home-page-empty-form-Desktop-Chrome\home-empty-actual.png
    Diff:     Topic 6-Visual regression\visual-artifacts\reports\run-20260702-075109\test-results\visual-regression-DateTime-11636-ession-home-page-empty-form-Desktop-Chrome\home-empty-diff.png
    G置G置G置G置G置G置G置G置G置G置G置G置G置G置G置G置G置G置G置G置G置G置G置G置G置G置G置G置G置G置G置G置G置G置G置G置G置G置G置G置G置G置G置G置G置G置G置G置G置G置G置G置G置G置G置G置G置G置G置G置G置G置G置G置G置G置G置G置G置G置G置G置G置G置G置G置G置G置G置G置G置G置G置G置G置G置G置G置G置G置G置G置G置G置G置G置

    attachment #2: screenshot (image/png) G置G置G置G置G置G置G置G置G置G置G置G置G置G置G置G置G置G置G置G置G置G置G置G置G置G置G置G置G置G置G置G置G置G置G置G置G置G置G置G置G置G置G置G置G置G置G置G置G置G置G置G置G置G置G置G置G置G置
    Topic 6-Visual regression\visual-artifacts\reports\run-20260702-075109\test-results\visual-regression-DateTime-11636-ession-home-page-empty-form-Desktop-Chrome\test-failed-1.png
    G置G置G置G置G置G置G置G置G置G置G置G置G置G置G置G置G置G置G置G置G置G置G置G置G置G置G置G置G置G置G置G置G置G置G置G置G置G置G置G置G置G置G置G置G置G置G置G置G置G置G置G置G置G置G置G置G置G置G置G置G置G置G置G置G置G置G置G置G置G置G置G置G置G置G置G置G置G置G置G置G置G置G置G置G置G置G置G置G置G置G置G置G置G置G置G置

    Error Context: Topic 6-Visual regression\visual-artifacts\reports\run-20260702-075109\test-results\visual-regression-DateTime-11636-ession-home-page-empty-form-Desktop-Chrome\error-context.md

    attachment #4: trace (application/zip) G置G置G置G置G置G置G置G置G置G置G置G置G置G置G置G置G置G置G置G置G置G置G置G置G置G置G置G置G置G置G置G置G置G置G置G置G置G置G置G置G置G置G置G置G置G置G置G置G置G置G置G置G置G置G置G置G置
    Topic 6-Visual regression\visual-artifacts\reports\run-20260702-075109\test-results\visual-regression-DateTime-11636-ession-home-page-empty-form-Desktop-Chrome\trace.zip
    Usage:

        npx playwright show-trace "Topic 6-Visual regression\visual-artifacts\reports\run-20260702-075109\test-results\visual-regression-DateTime-11636-ession-home-page-empty-form-Desktop-Chrome\trace.zip"

    G置G置G置G置G置G置G置G置G置G置G置G置G置G置G置G置G置G置G置G置G置G置G置G置G置G置G置G置G置G置G置G置G置G置G置G置G置G置G置G置G置G置G置G置G置G置G置G置G置G置G置G置G置G置G置G置G置G置G置G置G置G置G置G置G置G置G置G置G置G置G置G置G置G置G置G置G置G置G置G置G置G置G置G置G置G置G置G置G置G置G置G置G置G置G置G置


[1A[2K[2/3] [Desktop Chrome] G푠 Topic 6-Visual regression\e2e\visual-regression.spec.js:50:3 G푠 DateTimeChecker visual regression G푠 valid date result state
[1A[2K  2) [Desktop Chrome] G푠 Topic 6-Visual regression\e2e\visual-regression.spec.js:50:3 G푠 DateTimeChecker visual regression G푠 valid date result state 

    Error: [2mexpect([22m[31mpage[39m[2m).[22mtoHaveScreenshot[2m([22m[32mexpected[39m[2m)[22m failed

      14 pixels (ratio 0.01 of all image pixels) are different.

      Snapshot: valid-date-result.png

    Call log:
    [2m  - Expect "toHaveScreenshot(valid-date-result.png)" with timeout 5000ms[22m
    [2m    - verifying given screenshot expectation[22m
    [2m  - taking page screenshot[22m
    [2m    - disabled all CSS animations[22m
    [2m  - waiting for fonts to load...[22m
    [2m  - fonts loaded[22m
    [2m  - 14 pixels (ratio 0.01 of all image pixels) are different.[22m
    [2m  - waiting 100ms before taking screenshot[22m
    [2m  - taking page screenshot[22m
    [2m    - disabled all CSS animations[22m
    [2m  - waiting for fonts to load...[22m
    [2m  - fonts loaded[22m
    [2m  - captured a stable screenshot[22m
    [2m  - 14 pixels (ratio 0.01 of all image pixels) are different.[22m


      35 |   });
      36 |
    > 37 |   await expect(page).toHaveScreenshot(fileName, {
         |                      ^
      38 |     fullPage: true,
      39 |     animations: 'disabled',
      40 |     maxDiffPixels: 10,
        at captureAndCompare (D:\FPT Uni\datetimechecker\Topic 6-Visual regression\e2e\visual-regression.spec.js:37:22)
        at D:\FPT Uni\datetimechecker\Topic 6-Visual regression\e2e\visual-regression.spec.js:57:5

    attachment #1: valid-date-result (image/png) G置G置G置G置G置G置G置G置G置G置G置G置G置G置G置G置G置G置G置G置G置G置G置G置G置G置G置G置G置G置G置G置G置G置G置G置G置G置G置G置G置G置G置G置G置G置G置G置G置G置G置
    Expected: Topic 6-Visual regression\visual-artifacts\baseline\valid-date-result.png
    Received: Topic 6-Visual regression\visual-artifacts\reports\run-20260702-075109\test-results\visual-regression-DateTime-da226-ion-valid-date-result-state-Desktop-Chrome\valid-date-result-actual.png
    Diff:     Topic 6-Visual regression\visual-artifacts\reports\run-20260702-075109\test-results\visual-regression-DateTime-da226-ion-valid-date-result-state-Desktop-Chrome\valid-date-result-diff.png
    G置G置G置G置G置G置G置G置G置G置G置G置G置G置G置G置G置G置G置G置G置G置G置G置G置G置G置G置G置G置G置G置G置G置G置G置G置G置G置G置G置G置G置G置G置G置G置G置G置G置G置G置G置G置G置G置G置G置G置G置G置G置G置G置G置G置G置G置G置G置G置G置G置G置G置G置G置G置G置G置G置G置G置G置G置G置G置G置G置G置G置G置G置G置G置G置

    attachment #2: screenshot (image/png) G置G置G置G置G置G置G置G置G置G置G置G置G置G置G置G置G置G置G置G置G置G置G置G置G置G置G置G置G置G置G置G置G置G置G置G置G置G置G置G置G置G置G置G置G置G置G置G置G置G置G置G置G置G置G置G置G置G置
    Topic 6-Visual regression\visual-artifacts\reports\run-20260702-075109\test-results\visual-regression-DateTime-da226-ion-valid-date-result-state-Desktop-Chrome\test-failed-1.png
    G置G置G置G置G置G置G置G置G置G置G置G置G置G置G置G置G置G置G置G置G置G置G置G置G置G置G置G置G置G置G置G置G置G置G置G置G置G置G置G置G置G置G置G置G置G置G置G置G置G置G置G置G置G置G置G置G置G置G置G置G置G置G置G置G置G置G置G置G置G置G置G置G置G置G置G置G置G置G置G置G置G置G置G置G置G置G置G置G置G置G置G置G置G置G置G置

    Error Context: Topic 6-Visual regression\visual-artifacts\reports\run-20260702-075109\test-results\visual-regression-DateTime-da226-ion-valid-date-result-state-Desktop-Chrome\error-context.md

    attachment #4: trace (application/zip) G置G置G置G置G置G置G置G置G置G置G置G置G置G置G置G置G置G置G置G置G置G置G置G置G置G置G置G置G置G置G置G置G置G置G置G置G置G置G置G置G置G置G置G置G置G置G置G置G置G置G置G置G置G置G置G置G置
    Topic 6-Visual regression\visual-artifacts\reports\run-20260702-075109\test-results\visual-regression-DateTime-da226-ion-valid-date-result-state-Desktop-Chrome\trace.zip
    Usage:

        npx playwright show-trace "Topic 6-Visual regression\visual-artifacts\reports\run-20260702-075109\test-results\visual-regression-DateTime-da226-ion-valid-date-result-state-Desktop-Chrome\trace.zip"

    G置G置G置G置G置G置G置G置G置G置G置G置G置G置G置G置G置G置G置G置G置G置G置G置G置G置G置G置G置G置G置G置G置G置G置G置G置G置G置G置G置G置G置G置G置G置G置G置G置G置G置G置G置G置G置G置G置G置G置G置G置G置G置G置G置G置G置G置G置G置G置G置G置G置G置G置G置G置G置G置G置G置G置G置G置G置G置G置G置G置G置G置G置G置G置G置


[1A[2K[3/3] [Desktop Chrome] G푠 Topic 6-Visual regression\e2e\visual-regression.spec.js:60:3 G푠 DateTimeChecker visual regression G푠 invalid date result state
[1A[2K  3) [Desktop Chrome] G푠 Topic 6-Visual regression\e2e\visual-regression.spec.js:60:3 G푠 DateTimeChecker visual regression G푠 invalid date result state 

    Error: [2mexpect([22m[31mpage[39m[2m).[22mtoHaveScreenshot[2m([22m[32mexpected[39m[2m)[22m failed

      14 pixels (ratio 0.01 of all image pixels) are different.

      Snapshot: invalid-date-result.png

    Call log:
    [2m  - Expect "toHaveScreenshot(invalid-date-result.png)" with timeout 5000ms[22m
    [2m    - verifying given screenshot expectation[22m
    [2m  - taking page screenshot[22m
    [2m    - disabled all CSS animations[22m
    [2m  - waiting for fonts to load...[22m
    [2m  - fonts loaded[22m
    [2m  - 14 pixels (ratio 0.01 of all image pixels) are different.[22m
    [2m  - waiting 100ms before taking screenshot[22m
    [2m  - taking page screenshot[22m
    [2m    - disabled all CSS animations[22m
    [2m  - waiting for fonts to load...[22m
    [2m  - fonts loaded[22m
    [2m  - captured a stable screenshot[22m
    [2m  - 14 pixels (ratio 0.01 of all image pixels) are different.[22m


      35 |   });
      36 |
    > 37 |   await expect(page).toHaveScreenshot(fileName, {
         |                      ^
      38 |     fullPage: true,
      39 |     animations: 'disabled',
      40 |     maxDiffPixels: 10,
        at captureAndCompare (D:\FPT Uni\datetimechecker\Topic 6-Visual regression\e2e\visual-regression.spec.js:37:22)
        at D:\FPT Uni\datetimechecker\Topic 6-Visual regression\e2e\visual-regression.spec.js:67:5

    attachment #1: invalid-date-result (image/png) G置G置G置G置G置G置G置G置G置G置G置G置G置G置G置G置G置G置G置G置G置G置G置G置G置G置G置G置G置G置G置G置G置G置G置G置G置G置G置G置G置G置G置G置G置G置G置G置G置
    Expected: Topic 6-Visual regression\visual-artifacts\baseline\invalid-date-result.png
    Received: Topic 6-Visual regression\visual-artifacts\reports\run-20260702-075109\test-results\visual-regression-DateTime-e0a1a-n-invalid-date-result-state-Desktop-Chrome\invalid-date-result-actual.png
    Diff:     Topic 6-Visual regression\visual-artifacts\reports\run-20260702-075109\test-results\visual-regression-DateTime-e0a1a-n-invalid-date-result-state-Desktop-Chrome\invalid-date-result-diff.png
    G置G置G置G置G置G置G置G置G置G置G置G置G置G置G置G置G置G置G置G置G置G置G置G置G置G置G置G置G置G置G置G置G置G置G置G置G置G置G置G置G置G置G置G置G置G置G置G置G置G置G置G置G置G置G置G置G置G置G置G置G置G置G置G置G置G置G置G置G置G置G置G置G置G置G置G置G置G置G置G置G置G置G置G置G置G置G置G置G置G置G置G置G置G置G置G置

    attachment #2: screenshot (image/png) G置G置G置G置G置G置G置G置G置G置G置G置G置G置G置G置G置G置G置G置G置G置G置G置G置G置G置G置G置G置G置G置G置G置G置G置G置G置G置G置G置G置G置G置G置G置G置G置G置G置G置G置G置G置G置G置G置G置
    Topic 6-Visual regression\visual-artifacts\reports\run-20260702-075109\test-results\visual-regression-DateTime-e0a1a-n-invalid-date-result-state-Desktop-Chrome\test-failed-1.png
    G置G置G置G置G置G置G置G置G置G置G置G置G置G置G置G置G置G置G置G置G置G置G置G置G置G置G置G置G置G置G置G置G置G置G置G置G置G置G置G置G置G置G置G置G置G置G置G置G置G置G置G置G置G置G置G置G置G置G置G置G置G置G置G置G置G置G置G置G置G置G置G置G置G置G置G置G置G置G置G置G置G置G置G置G置G置G置G置G置G置G置G置G置G置G置G置

    Error Context: Topic 6-Visual regression\visual-artifacts\reports\run-20260702-075109\test-results\visual-regression-DateTime-e0a1a-n-invalid-date-result-state-Desktop-Chrome\error-context.md

    attachment #4: trace (application/zip) G置G置G置G置G置G置G置G置G置G置G置G置G置G置G置G置G置G置G置G置G置G置G置G置G置G置G置G置G置G置G置G置G置G置G置G置G置G置G置G置G置G置G置G置G置G置G置G置G置G置G置G置G置G置G置G置G置
    Topic 6-Visual regression\visual-artifacts\reports\run-20260702-075109\test-results\visual-regression-DateTime-e0a1a-n-invalid-date-result-state-Desktop-Chrome\trace.zip
    Usage:

        npx playwright show-trace "Topic 6-Visual regression\visual-artifacts\reports\run-20260702-075109\test-results\visual-regression-DateTime-e0a1a-n-invalid-date-result-state-Desktop-Chrome\trace.zip"

    G置G置G置G置G置G置G置G置G置G置G置G置G置G置G置G置G置G置G置G置G置G置G置G置G置G置G置G置G置G置G置G置G置G置G置G置G置G置G置G置G置G置G置G置G置G置G置G置G置G置G置G置G置G置G置G置G置G置G置G置G置G置G置G置G置G置G置G置G置G置G置G置G置G置G置G置G置G置G置G置G置G置G置G置G置G置G置G置G置G置G置G置G置G置G置G置


[1A[2K  3 failed
    [Desktop Chrome] G푠 Topic 6-Visual regression\e2e\visual-regression.spec.js:45:3 G푠 DateTimeChecker visual regression G푠 home page empty form 
    [Desktop Chrome] G푠 Topic 6-Visual regression\e2e\visual-regression.spec.js:50:3 G푠 DateTimeChecker visual regression G푠 valid date result state 
    [Desktop Chrome] G푠 Topic 6-Visual regression\e2e\visual-regression.spec.js:60:3 G푠 DateTimeChecker visual regression G푠 invalid date result state 
[INFO] Running visual regression comparison finished with exit code 1. Full output is saved in: D:\FPT Uni\datetimechecker\Topic 6-Visual regression\visual-artifacts\reports\run-20260702-075109\run.log
[INFO] Failure comparison images copied to: D:\FPT Uni\datetimechecker\Topic 6-Visual regression\visual-artifacts\diff\run-20260702-075109

[DIFFERENCES FOUND] Visual differences were detected and copied to the diff folder.
[SUMMARY] Different screenshots:
[SUMMARY] - home-empty.png
[SUMMARY] - valid-date-result.png
[SUMMARY] - invalid-date-result.png

[INFO] Image folders:
[INFO] - Before/baseline: D:\FPT Uni\datetimechecker\Topic 6-Visual regression\visual-artifacts\baseline
[INFO] - After/current:   D:\FPT Uni\datetimechecker\Topic 6-Visual regression\visual-artifacts\current
[INFO] - Diff failures:   D:\FPT Uni\datetimechecker\Topic 6-Visual regression\visual-artifacts\diff
[INFO] - Run report:      D:\FPT Uni\datetimechecker\Topic 6-Visual regression\visual-artifacts\reports\run-20260702-075109
[INFO] - Full command log: D:\FPT Uni\datetimechecker\Topic 6-Visual regression\visual-artifacts\reports\run-20260702-075109\run.log

==> Stopping Spring Boot server started by this script

Finished with exit code 0
Main log: D:\FPT Uni\datetimechecker\Topic 6-Visual regression\visual-artifacts\reports\run-20260702-075109\run.log
